2021-02-13 22:12:13.234 PM INFO   [main] demoexcel.Application :? ====== Starting Application on Dara with PID 22648 (D:\Project\JPhea\Backend\build\classes\main started by MSI PC in D:\Project\JPhea\Backend)
2021-02-13 22:12:13.250 PM INFO   [main] demoexcel.Application :? ====== The following profiles are active: development
2021-02-13 22:12:13.570 PM INFO   [main] org.springframework.boot.context.embedded.AnnotationConfigEmbeddedWebApplicationContext :? ====== Refreshing org.springframework.boot.context.embedded.AnnotationConfigEmbeddedWebApplicationContext@6e0d4a8: startup date [Sat Feb 13 22:12:13 GMT+07:00 2021]; root of context hierarchy
2021-02-13 22:12:15.295 PM INFO   [background-preinit] org.hibernate.validator.internal.util.Version :? ====== HV000001: Hibernate Validator 5.3.6.Final
2021-02-13 22:12:18.125 PM INFO   [main] grails.plugins.DefaultGrailsPluginManager :? ====== Attempting to load [0] user defined plugins
2021-02-13 22:12:18.129 PM INFO   [main] grails.plugins.DefaultGrailsPluginManager :? ====== Grails plug-in [simpleGenericController] with version [1.8] loaded successfully
2021-02-13 22:12:18.133 PM INFO   [main] grails.plugins.DefaultGrailsPluginManager :? ====== Grails plug-in [mail] with version [2.0.0] loaded successfully
2021-02-13 22:12:18.134 PM INFO   [main] grails.plugins.DefaultGrailsPluginManager :? ====== Grails plug-in [awsSdkS3] with version [2.2.4] loaded successfully
2021-02-13 22:12:18.135 PM INFO   [main] grails.plugins.DefaultGrailsPluginManager :? ====== Grails plug-in [dataBinding] with version [3.3.8] loaded successfully
2021-02-13 22:12:18.137 PM INFO   [main] grails.plugins.DefaultGrailsPluginManager :? ====== Grails plug-in [i18n] with version [3.3.8] loaded successfully
2021-02-13 22:12:18.138 PM INFO   [main] grails.plugins.DefaultGrailsPluginManager :? ====== Grails plug-in [excelExport] with version [2.1] loaded successfully
2021-02-13 22:12:18.139 PM INFO   [main] grails.plugins.DefaultGrailsPluginManager :? ====== Grails plug-in [core] with version [3.3.8] loaded successfully
2021-02-13 22:12:18.140 PM INFO   [main] grails.plugins.DefaultGrailsPluginManager :? ====== Grails plug-in [eventBus] with version [3.3.2] loaded successfully
2021-02-13 22:12:18.163 PM INFO   [main] grails.plugins.DefaultGrailsPluginManager :? ====== Grails plug-in [restResponder] with version [3.3.8] loaded successfully
2021-02-13 22:12:18.165 PM INFO   [main] grails.plugins.DefaultGrailsPluginManager :? ====== Grails plug-in [fields] with version [2.2.8] loaded successfully
2021-02-13 22:12:18.166 PM INFO   [main] grails.plugins.DefaultGrailsPluginManager :? ====== Grails plug-in [redis] with version [unspecified] loaded successfully
2021-02-13 22:12:18.167 PM INFO   [main] grails.plugins.DefaultGrailsPluginManager :? ====== Grails plug-in [corebackend] with version [3.3.22] loaded successfully
2021-02-13 22:12:18.171 PM INFO   [main] grails.plugins.DefaultGrailsPluginManager :? ====== Grails plug-in [assetPipeline] with version [2.14.8] loaded successfully
2021-02-13 22:12:18.174 PM INFO   [main] grails.plugins.DefaultGrailsPluginManager :? ====== Grails plug-in [urlMappings] with version [3.3.8] loaded successfully
2021-02-13 22:12:18.177 PM INFO   [main] grails.plugins.DefaultGrailsPluginManager :? ====== Grails plug-in [codecs] with version [3.3.8] loaded successfully
2021-02-13 22:12:18.179 PM INFO   [main] grails.plugins.DefaultGrailsPluginManager :? ====== Grails plug-in [dataSource] with version [3.3.8] loaded successfully
2021-02-13 22:12:18.181 PM INFO   [main] grails.plugins.DefaultGrailsPluginManager :? ====== Grails plug-in [groovyPages] with version [3.3.1] loaded successfully
2021-02-13 22:12:18.182 PM INFO   [main] grails.plugins.DefaultGrailsPluginManager :? ====== Grails plug-in [controllers] with version [3.3.8] loaded successfully
2021-02-13 22:12:18.183 PM INFO   [main] grails.plugins.DefaultGrailsPluginManager :? ====== Grails plug-in [controllersAsync] with version [3.3.2] loaded successfully
2021-02-13 22:12:18.183 PM INFO   [main] grails.plugins.DefaultGrailsPluginManager :? ====== Grails plug-in [scaffolding] with version [3.4.1] loaded successfully
2021-02-13 22:12:18.184 PM INFO   [main] grails.plugins.DefaultGrailsPluginManager :? ====== Grails plug-in [domainClass] with version [3.3.8] loaded successfully
2021-02-13 22:12:18.184 PM INFO   [main] grails.plugins.DefaultGrailsPluginManager :? ====== Grails plug-in [converters] with version [3.3.8] loaded successfully
2021-02-13 22:12:18.185 PM INFO   [main] grails.plugins.DefaultGrailsPluginManager :? ====== Grails plug-in [mimeTypes] with version [3.3.8] loaded successfully
2021-02-13 22:12:18.185 PM INFO   [main] grails.plugins.DefaultGrailsPluginManager :? ====== Grails plug-in [hibernate] with version [6.1.10] loaded successfully
2021-02-13 22:12:18.186 PM INFO   [main] grails.plugins.DefaultGrailsPluginManager :? ====== Grails plug-in [interceptors] with version [3.3.8] loaded successfully
2021-02-13 22:12:18.187 PM INFO   [main] grails.plugins.DefaultGrailsPluginManager :? ====== Grails plug-in [services] with version [3.3.8] loaded successfully
2021-02-13 22:12:18.188 PM INFO   [main] grails.plugins.DefaultGrailsPluginManager :? ====== Grails plug-in [httpBuilderHelper] with version [1.1.0] loaded successfully
2021-02-13 22:12:18.188 PM INFO   [main] grails.plugins.DefaultGrailsPluginManager :? ====== Grails plug-in [springSecurityCore] with version [3.2.1] loaded successfully
2021-02-13 22:12:18.188 PM INFO   [main] grails.plugins.DefaultGrailsPluginManager :? ====== Grails plug-in [springSecurityRest] with version [2.0.0.RC1] loaded successfully
2021-02-13 22:12:18.188 PM INFO   [main] grails.plugins.DefaultGrailsPluginManager :? ====== Grails plug-in [cache] with version [4.0.0] loaded successfully
2021-02-13 22:12:18.188 PM INFO   [main] grails.plugins.DefaultGrailsPluginManager :? ====== Grails plug-in [quartz] with version [2.0.13] loaded successfully
2021-02-13 22:12:18.189 PM INFO   [main] grails.plugins.DefaultGrailsPluginManager :? ====== Grails plug-in [springSecurityRestRedis] with version [2.0.0.RC1] loaded successfully
2021-02-13 22:12:24.483 PM INFO   [main] grails.plugin.springsecurity.SpringSecurityCoreGrailsPlugin :? ====== 
Configuring Spring Security Core ...
2021-02-13 22:12:24.705 PM INFO   [main] grails.plugin.springsecurity.SpringSecurityCoreGrailsPlugin :? ====== ... finished configuring Spring Security Core

2021-02-13 22:12:25.085 PM INFO   [main] org.springframework.beans.factory.support.DefaultListableBeanFactory :? ====== Overriding bean definition for bean 'characterEncodingFilter' with a different definition: replacing [Root bean: class [null]; scope=; abstract=false; lazyInit=false; autowireMode=3; dependencyCheck=0; autowireCandidate=true; primary=false; factoryBeanName=org.springframework.boot.autoconfigure.web.HttpEncodingAutoConfiguration; factoryMethodName=characterEncodingFilter; initMethodName=null; destroyMethodName=(inferred); defined in class path resource [org/springframework/boot/autoconfigure/web/HttpEncodingAutoConfiguration.class]] with [Generic bean: class [org.springframework.boot.web.servlet.FilterRegistrationBean]; scope=singleton; abstract=false; lazyInit=false; autowireMode=0; dependencyCheck=0; autowireCandidate=true; primary=false; factoryBeanName=null; factoryMethodName=null; initMethodName=null; destroyMethodName=null]
2021-02-13 22:12:25.086 PM INFO   [main] org.springframework.beans.factory.support.DefaultListableBeanFactory :? ====== Overriding bean definition for bean 'propertySourcesPlaceholderConfigurer' with a different definition: replacing [Root bean: class [org.springframework.boot.autoconfigure.context.PropertyPlaceholderAutoConfiguration]; scope=; abstract=false; lazyInit=false; autowireMode=3; dependencyCheck=0; autowireCandidate=true; primary=false; factoryBeanName=null; factoryMethodName=propertySourcesPlaceholderConfigurer; initMethodName=null; destroyMethodName=(inferred); defined in class path resource [org/springframework/boot/autoconfigure/context/PropertyPlaceholderAutoConfiguration.class]] with [Generic bean: class [org.grails.spring.context.support.GrailsPlaceholderConfigurer]; scope=singleton; abstract=false; lazyInit=false; autowireMode=0; dependencyCheck=0; autowireCandidate=true; primary=false; factoryBeanName=null; factoryMethodName=null; initMethodName=null; destroyMethodName=null]
2021-02-13 22:12:25.088 PM INFO   [main] org.springframework.beans.factory.support.DefaultListableBeanFactory :? ====== Overriding bean definition for bean 'multipartConfigElement' with a different definition: replacing [Root bean: class [null]; scope=; abstract=false; lazyInit=false; autowireMode=3; dependencyCheck=0; autowireCandidate=true; primary=false; factoryBeanName=org.springframework.boot.autoconfigure.web.MultipartAutoConfiguration; factoryMethodName=multipartConfigElement; initMethodName=null; destroyMethodName=(inferred); defined in class path resource [org/springframework/boot/autoconfigure/web/MultipartAutoConfiguration.class]] with [Generic bean: class [javax.servlet.MultipartConfigElement]; scope=singleton; abstract=false; lazyInit=false; autowireMode=0; dependencyCheck=0; autowireCandidate=true; primary=false; factoryBeanName=null; factoryMethodName=null; initMethodName=null; destroyMethodName=null]
2021-02-13 22:12:25.089 PM INFO   [main] org.springframework.beans.factory.support.DefaultListableBeanFactory :? ====== Overriding bean definition for bean 'multipartResolver' with a different definition: replacing [Root bean: class [null]; scope=; abstract=false; lazyInit=false; autowireMode=3; dependencyCheck=0; autowireCandidate=true; primary=false; factoryBeanName=org.springframework.boot.autoconfigure.web.MultipartAutoConfiguration; factoryMethodName=multipartResolver; initMethodName=null; destroyMethodName=(inferred); defined in class path resource [org/springframework/boot/autoconfigure/web/MultipartAutoConfiguration.class]] with [Generic bean: class [org.springframework.web.multipart.support.StandardServletMultipartResolver]; scope=singleton; abstract=false; lazyInit=false; autowireMode=0; dependencyCheck=0; autowireCandidate=true; primary=false; factoryBeanName=null; factoryMethodName=null; initMethodName=null; destroyMethodName=null]
2021-02-13 22:12:25.093 PM INFO   [main] org.springframework.beans.factory.support.DefaultListableBeanFactory :? ====== Overriding bean definition for bean 'dispatcherServlet' with a different definition: replacing [Root bean: class [null]; scope=; abstract=false; lazyInit=false; autowireMode=3; dependencyCheck=0; autowireCandidate=true; primary=false; factoryBeanName=org.springframework.boot.autoconfigure.web.DispatcherServletAutoConfiguration$DispatcherServletConfiguration; factoryMethodName=dispatcherServlet; initMethodName=null; destroyMethodName=(inferred); defined in class path resource [org/springframework/boot/autoconfigure/web/DispatcherServletAutoConfiguration$DispatcherServletConfiguration.class]] with [Generic bean: class [org.grails.web.servlet.mvc.GrailsDispatcherServlet]; scope=singleton; abstract=false; lazyInit=false; autowireMode=0; dependencyCheck=0; autowireCandidate=true; primary=false; factoryBeanName=null; factoryMethodName=null; initMethodName=null; destroyMethodName=null]
2021-02-13 22:12:25.094 PM INFO   [main] org.springframework.beans.factory.support.DefaultListableBeanFactory :? ====== Overriding bean definition for bean 'dispatcherServletRegistration' with a different definition: replacing [Root bean: class [null]; scope=; abstract=false; lazyInit=false; autowireMode=3; dependencyCheck=0; autowireCandidate=true; primary=false; factoryBeanName=org.springframework.boot.autoconfigure.web.DispatcherServletAutoConfiguration$DispatcherServletRegistrationConfiguration; factoryMethodName=dispatcherServletRegistration; initMethodName=null; destroyMethodName=(inferred); defined in class path resource [org/springframework/boot/autoconfigure/web/DispatcherServletAutoConfiguration$DispatcherServletRegistrationConfiguration.class]] with [Generic bean: class [org.springframework.boot.web.servlet.ServletRegistrationBean]; scope=singleton; abstract=false; lazyInit=false; autowireMode=0; dependencyCheck=0; autowireCandidate=true; primary=false; factoryBeanName=null; factoryMethodName=null; initMethodName=null; destroyMethodName=null]
2021-02-13 22:12:25.939 PM INFO   [main] org.springframework.context.support.PostProcessorRegistrationDelegate$BeanPostProcessorChecker :? ====== Bean 'corebackend.UpdateNextCodeJobClass' of type [org.springframework.beans.factory.config.MethodInvokingFactoryBean] is not eligible for getting processed by all BeanPostProcessors (for example: not eligible for auto-proxying)
2021-02-13 22:12:25.957 PM INFO   [main] org.springframework.context.support.PostProcessorRegistrationDelegate$BeanPostProcessorChecker :? ====== Bean 'classLoader' of type [org.springframework.beans.factory.config.MethodInvokingFactoryBean] is not eligible for getting processed by all BeanPostProcessors (for example: not eligible for auto-proxying)
2021-02-13 22:12:25.961 PM INFO   [main] org.springframework.context.support.PostProcessorRegistrationDelegate$BeanPostProcessorChecker :? ====== Bean 'corebackend.LastActivityJobClass' of type [org.springframework.beans.factory.config.MethodInvokingFactoryBean] is not eligible for getting processed by all BeanPostProcessors (for example: not eligible for auto-proxying)
2021-02-13 22:12:26.035 PM INFO   [main] org.springframework.context.support.PostProcessorRegistrationDelegate$BeanPostProcessorChecker :? ====== Bean 'grailsPromiseFactory' of type [org.grails.plugins.web.async.spring.PromiseFactoryBean] is not eligible for getting processed by all BeanPostProcessors (for example: not eligible for auto-proxying)
2021-02-13 22:12:26.064 PM INFO   [main] org.springframework.context.support.PostProcessorRegistrationDelegate$BeanPostProcessorChecker :? ====== Bean 'grailsPromiseFactory' of type [org.grails.async.factory.future.CachedThreadPoolPromiseFactory] is not eligible for getting processed by all BeanPostProcessors (for example: not eligible for auto-proxying)
2021-02-13 22:12:26.092 PM INFO   [main] org.springframework.context.support.PostProcessorRegistrationDelegate$BeanPostProcessorChecker :? ====== Bean 'grailsEventBus' of type [org.grails.events.bus.spring.EventBusFactoryBean] is not eligible for getting processed by all BeanPostProcessors (for example: not eligible for auto-proxying)
2021-02-13 22:12:26.092 PM INFO   [main] org.springframework.context.support.PostProcessorRegistrationDelegate$BeanPostProcessorChecker :? ====== Bean 'grailsEventBus' of type [org.grails.events.bus.ExecutorEventBus] is not eligible for getting processed by all BeanPostProcessors (for example: not eligible for auto-proxying)
2021-02-13 22:12:26.162 PM INFO   [main] org.springframework.context.support.PostProcessorRegistrationDelegate$BeanPostProcessorChecker :? ====== Bean 'messageSource' of type [org.grails.spring.context.support.PluginAwareResourceBundleMessageSource] is not eligible for getting processed by all BeanPostProcessors (for example: not eligible for auto-proxying)
2021-02-13 22:12:26.543 PM INFO   [main] org.springframework.context.support.PostProcessorRegistrationDelegate$BeanPostProcessorChecker :? ====== Bean 'grailsUrlConverter' of type [grails.web.CamelCaseUrlConverter] is not eligible for getting processed by all BeanPostProcessors (for example: not eligible for auto-proxying)
2021-02-13 22:12:26.566 PM INFO   [main] org.springframework.context.support.PostProcessorRegistrationDelegate$BeanPostProcessorChecker :? ====== Bean '(inner bean)#1c2dd89b' of type [org.grails.web.mapping.UrlMappingsHolderFactoryBean] is not eligible for getting processed by all BeanPostProcessors (for example: not eligible for auto-proxying)
2021-02-13 22:12:26.567 PM INFO   [main] org.springframework.context.support.PostProcessorRegistrationDelegate$BeanPostProcessorChecker :? ====== Bean '(inner bean)#1c2dd89b' of type [org.grails.web.mapping.mvc.GrailsControllerUrlMappings] is not eligible for getting processed by all BeanPostProcessors (for example: not eligible for auto-proxying)
2021-02-13 22:12:26.567 PM INFO   [main] org.springframework.context.support.PostProcessorRegistrationDelegate$BeanPostProcessorChecker :? ====== Bean 'urlMappingsTargetSource' of type [org.grails.spring.beans.factory.HotSwappableTargetSourceFactoryBean] is not eligible for getting processed by all BeanPostProcessors (for example: not eligible for auto-proxying)
2021-02-13 22:12:26.568 PM INFO   [main] org.springframework.context.support.PostProcessorRegistrationDelegate$BeanPostProcessorChecker :? ====== Bean 'urlMappingsTargetSource' of type [org.springframework.aop.target.HotSwappableTargetSource] is not eligible for getting processed by all BeanPostProcessors (for example: not eligible for auto-proxying)
2021-02-13 22:12:26.569 PM INFO   [main] org.springframework.context.support.PostProcessorRegistrationDelegate$BeanPostProcessorChecker :? ====== Bean 'grailsUrlMappingsHolder' of type [org.springframework.aop.framework.ProxyFactoryBean] is not eligible for getting processed by all BeanPostProcessors (for example: not eligible for auto-proxying)
2021-02-13 22:12:26.586 PM INFO   [main] org.springframework.context.support.PostProcessorRegistrationDelegate$BeanPostProcessorChecker :? ====== Bean 'dataSourceConnectionSourceFactory' of type [org.grails.datastore.gorm.jdbc.connections.CachedDataSourceConnectionSourceFactory] is not eligible for getting processed by all BeanPostProcessors (for example: not eligible for auto-proxying)
2021-02-13 22:12:26.586 PM INFO   [main] org.springframework.context.support.PostProcessorRegistrationDelegate$BeanPostProcessorChecker :? ====== Bean 'hibernateConnectionSourceFactory' of type [org.grails.orm.hibernate.connections.HibernateConnectionSourceFactory] is not eligible for getting processed by all BeanPostProcessors (for example: not eligible for auto-proxying)
2021-02-13 22:12:29.098 PM INFO   [main] org.hibernate.Version :? ====== HHH000412: Hibernate Core {5.1.5.Final}
2021-02-13 22:12:29.104 PM INFO   [main] org.hibernate.cfg.Environment :? ====== HHH000206: hibernate.properties not found
2021-02-13 22:12:29.107 PM INFO   [main] org.hibernate.cfg.Environment :? ====== HHH000021: Bytecode provider name : javassist
2021-02-13 22:12:29.231 PM INFO   [main] org.hibernate.validator.internal.engine.ConfigurationImpl :? ====== HV000002: Ignoring XML configuration.
2021-02-13 22:12:29.678 PM INFO   [main] org.hibernate.annotations.common.Version :? ====== HCANN000001: Hibernate Commons Annotations {5.0.1.Final}
2021-02-13 22:12:30.266 PM INFO   [main] org.hibernate.dialect.Dialect :? ====== HHH000400: Using dialect: org.hibernate.dialect.MySQL5InnoDBDialect
2021-02-13 22:12:35.232 PM INFO   [main] org.grails.orm.hibernate.GrailsHibernateTransactionManager :? ====== Using DataSource [org.springframework.jdbc.datasource.TransactionAwareDataSourceProxy@22f3b213] of Hibernate SessionFactory for HibernateTransactionManager
2021-02-13 22:12:35.255 PM INFO   [main] org.hibernate.validator.internal.engine.ConfigurationImpl :? ====== HV000002: Ignoring XML configuration.
2021-02-13 22:12:35.505 PM INFO   [main] org.springframework.beans.factory.xml.XmlBeanDefinitionReader :? ====== Loading XML bean definitions from class path resource [org/springframework/jdbc/support/sql-error-codes.xml]
2021-02-13 22:12:35.634 PM INFO   [main] org.springframework.jdbc.support.SQLErrorCodesFactory :? ====== SQLErrorCodes loaded: [DB2, Derby, H2, HDB, HSQL, Informix, MS-SQL, MySQL, Oracle, PostgreSQL, Sybase]
2021-02-13 22:12:35.748 PM INFO   [main] org.hibernate.validator.internal.engine.ConfigurationImpl :? ====== HV000002: Ignoring XML configuration.
2021-02-13 22:12:35.750 PM INFO   [main] org.hibernate.validator.internal.engine.ConfigurationImpl :? ====== HV000002: Ignoring XML configuration.
2021-02-13 22:12:35.760 PM INFO   [main] org.springframework.context.support.PostProcessorRegistrationDelegate$BeanPostProcessorChecker :? ====== Bean 'hibernateDatastore' of type [org.grails.orm.hibernate.HibernateDatastore] is not eligible for getting processed by all BeanPostProcessors (for example: not eligible for auto-proxying)
2021-02-13 22:12:36.807 PM INFO   [main] org.springframework.boot.context.embedded.tomcat.TomcatEmbeddedServletContainer :? ====== Tomcat initialized with port(s): 8080 (http)
2021-02-13 22:12:36.884 PM INFO   [main] org.apache.coyote.http11.Http11NioProtocol :? ====== Initializing ProtocolHandler ["http-nio-8080"]
2021-02-13 22:12:36.914 PM INFO   [main] org.apache.catalina.core.StandardService :? ====== Starting service [Tomcat]
2021-02-13 22:12:36.914 PM INFO   [main] org.apache.catalina.core.StandardEngine :? ====== Starting Servlet Engine: Apache Tomcat/8.5.32
2021-02-13 22:12:37.111 PM INFO   [localhost-startStop-1] org.apache.catalina.core.ContainerBase.[Tomcat].[localhost].[/] :? ====== Initializing Spring embedded WebApplicationContext
2021-02-13 22:12:37.111 PM INFO   [localhost-startStop-1] org.springframework.web.context.ContextLoader :? ====== Root WebApplicationContext: initialization completed in 23541 ms
2021-02-13 22:12:37.838 PM WARN   [localhost-startStop-1] org.springframework.beans.GenericTypeAwarePropertyDescriptor :? ====== Invalid JavaBean property 'exceptionMappings' being accessed! Ambiguous write methods found next to actually used [public void grails.plugin.springsecurity.web.authentication.AjaxAwareAuthenticationFailureHandler.setExceptionMappings(java.util.List)]: [public void org.springframework.security.web.authentication.ExceptionMappingAuthenticationFailureHandler.setExceptionMappings(java.util.Map)]
2021-02-13 22:12:39.460 PM INFO   [localhost-startStop-1] org.springframework.boot.web.servlet.FilterRegistrationBean :? ====== Mapping filter: 'metricsFilter' to: [/*]
2021-02-13 22:12:39.461 PM INFO   [localhost-startStop-1] org.springframework.boot.web.servlet.FilterRegistrationBean :? ====== Mapping filter: 'grailsCorsFilter' to: [/*]
2021-02-13 22:12:39.462 PM INFO   [localhost-startStop-1] org.springframework.boot.web.servlet.FilterRegistrationBean :? ====== Mapping filter: 'characterEncodingFilter' to urls: [/*]
2021-02-13 22:12:39.462 PM INFO   [localhost-startStop-1] org.springframework.boot.web.servlet.FilterRegistrationBean :? ====== Mapping filter: 'hiddenHttpMethodFilter' to urls: [/*]
2021-02-13 22:12:39.462 PM INFO   [localhost-startStop-1] org.springframework.boot.web.servlet.FilterRegistrationBean :? ====== Mapping filter: 'grailsWebRequestFilter' to urls: [/*]
2021-02-13 22:12:39.462 PM INFO   [localhost-startStop-1] org.springframework.boot.web.servlet.FilterRegistrationBean :? ====== Mapping filter: 'filterChainProxy' to urls: [/*]
2021-02-13 22:12:39.463 PM INFO   [localhost-startStop-1] org.springframework.boot.web.servlet.FilterRegistrationBean :? ====== Mapping filter: 'webRequestLoggingFilter' to: [/*]
2021-02-13 22:12:39.463 PM INFO   [localhost-startStop-1] org.springframework.boot.web.servlet.FilterRegistrationBean :? ====== Mapping filter: 'assetPipelineFilter' to urls: [/assets/*]
2021-02-13 22:12:39.463 PM INFO   [localhost-startStop-1] org.springframework.boot.web.servlet.FilterRegistrationBean :? ====== Filter securityRequestHolderFilter was not registered (disabled)
2021-02-13 22:12:39.463 PM INFO   [localhost-startStop-1] org.springframework.boot.web.servlet.FilterRegistrationBean :? ====== Filter securityContextPersistenceFilter was not registered (disabled)
2021-02-13 22:12:39.463 PM INFO   [localhost-startStop-1] org.springframework.boot.web.servlet.FilterRegistrationBean :? ====== Filter restLogoutFilter was not registered (disabled)
2021-02-13 22:12:39.463 PM INFO   [localhost-startStop-1] org.springframework.boot.web.servlet.FilterRegistrationBean :? ====== Filter mutableLogoutFilter was not registered (disabled)
2021-02-13 22:12:39.463 PM INFO   [localhost-startStop-1] org.springframework.boot.web.servlet.FilterRegistrationBean :? ====== Filter grailsUsernamePasswordAuthenticationFilter was not registered (disabled)
2021-02-13 22:12:39.463 PM INFO   [localhost-startStop-1] org.springframework.boot.web.servlet.FilterRegistrationBean :? ====== Filter restAuthenticationFilter was not registered (disabled)
2021-02-13 22:12:39.463 PM INFO   [localhost-startStop-1] org.springframework.boot.web.servlet.FilterRegistrationBean :? ====== Filter securityContextHolderAwareRequestFilter was not registered (disabled)
2021-02-13 22:12:39.463 PM INFO   [localhost-startStop-1] org.springframework.boot.web.servlet.FilterRegistrationBean :? ====== Filter grailsRememberMeAuthenticationFilter was not registered (disabled)
2021-02-13 22:12:39.463 PM INFO   [localhost-startStop-1] org.springframework.boot.web.servlet.FilterRegistrationBean :? ====== Filter grailsAnonymousAuthenticationFilter was not registered (disabled)
2021-02-13 22:12:39.464 PM INFO   [localhost-startStop-1] org.springframework.boot.web.servlet.FilterRegistrationBean :? ====== Filter restTokenValidationFilter was not registered (disabled)
2021-02-13 22:12:39.464 PM INFO   [localhost-startStop-1] org.springframework.boot.web.servlet.FilterRegistrationBean :? ====== Filter exceptionTranslationFilter was not registered (disabled)
2021-02-13 22:12:39.464 PM INFO   [localhost-startStop-1] org.springframework.boot.web.servlet.FilterRegistrationBean :? ====== Filter updateRequestContextHolderExceptionTranslationFilter was not registered (disabled)
2021-02-13 22:12:39.464 PM INFO   [localhost-startStop-1] org.springframework.boot.web.servlet.FilterRegistrationBean :? ====== Filter filterSecurityInterceptor was not registered (disabled)
2021-02-13 22:12:39.464 PM INFO   [localhost-startStop-1] org.springframework.boot.web.servlet.FilterRegistrationBean :? ====== Mapping filter: 'applicationContextIdFilter' to: [/*]
2021-02-13 22:12:39.464 PM INFO   [localhost-startStop-1] org.springframework.boot.web.servlet.ServletRegistrationBean :? ====== Mapping servlet: 'grailsDispatcherServlet' to [/]
2021-02-13 22:12:39.468 PM INFO   [localhost-startStop-1] org.springframework.boot.web.servlet.ServletRegistrationBean :? ====== Mapping servlet: 'groovyPagesServlet' to [*.gsp]
2021-02-13 22:12:39.469 PM INFO   [localhost-startStop-1] org.springframework.boot.web.servlet.ServletRegistrationBean :? ====== Mapping servlet: 'webServlet' to [/dbconsole/*]
2021-02-13 22:12:40.271 PM INFO   [main] org.springframework.web.servlet.mvc.method.annotation.RequestMappingHandlerMapping :? ====== Mapped "{[/error]}" onto public org.springframework.http.ResponseEntity<java.util.Map<java.lang.String, java.lang.Object>> org.springframework.boot.autoconfigure.web.BasicErrorController.error(javax.servlet.http.HttpServletRequest)
2021-02-13 22:12:40.273 PM INFO   [main] org.springframework.web.servlet.mvc.method.annotation.RequestMappingHandlerMapping :? ====== Mapped "{[/error],produces=[text/html]}" onto public org.springframework.web.servlet.ModelAndView org.springframework.boot.autoconfigure.web.BasicErrorController.errorHtml(javax.servlet.http.HttpServletRequest,javax.servlet.http.HttpServletResponse)
2021-02-13 22:12:40.352 PM INFO   [main] org.springframework.web.servlet.handler.SimpleUrlHandlerMapping :? ====== Mapped URL path [/webjars/**] onto handler of type [class org.springframework.web.servlet.resource.ResourceHttpRequestHandler]
2021-02-13 22:12:40.352 PM INFO   [main] org.springframework.web.servlet.handler.SimpleUrlHandlerMapping :? ====== Mapped URL path [/static/**] onto handler of type [class org.springframework.web.servlet.resource.ResourceHttpRequestHandler]
2021-02-13 22:12:40.391 PM INFO   [main] org.springframework.web.servlet.mvc.method.annotation.RequestMappingHandlerAdapter :? ====== Looking for @ControllerAdvice: org.springframework.boot.context.embedded.AnnotationConfigEmbeddedWebApplicationContext@6e0d4a8: startup date [Sat Feb 13 22:12:13 GMT+07:00 2021]; root of context hierarchy
2021-02-13 22:12:42.086 PM INFO   [main] org.springframework.boot.actuate.endpoint.mvc.EndpointHandlerMapping :? ====== Mapped "{[/shutdown || /shutdown.json],methods=[POST],produces=[application/vnd.spring-boot.actuator.v1+json || application/json]}" onto public java.lang.Object org.springframework.boot.actuate.endpoint.mvc.ShutdownMvcEndpoint.invoke()
2021-02-13 22:12:43.666 PM INFO   [main] org.springframework.web.servlet.mvc.method.annotation.RequestMappingHandlerMapping :? ====== Mapped "{[/error]}" onto public org.springframework.http.ResponseEntity<java.util.Map<java.lang.String, java.lang.Object>> org.springframework.boot.autoconfigure.web.BasicErrorController.error(javax.servlet.http.HttpServletRequest)
2021-02-13 22:12:43.666 PM INFO   [main] org.springframework.web.servlet.mvc.method.annotation.RequestMappingHandlerMapping :? ====== Mapped "{[/error],produces=[text/html]}" onto public org.springframework.web.servlet.ModelAndView org.springframework.boot.autoconfigure.web.BasicErrorController.errorHtml(javax.servlet.http.HttpServletRequest,javax.servlet.http.HttpServletResponse)
2021-02-13 22:12:43.675 PM INFO   [main] org.springframework.web.servlet.mvc.method.annotation.RequestMappingHandlerAdapter :? ====== Looking for @ControllerAdvice: org.springframework.boot.context.embedded.AnnotationConfigEmbeddedWebApplicationContext@6e0d4a8: startup date [Sat Feb 13 22:12:13 GMT+07:00 2021]; root of context hierarchy
2021-02-13 22:12:43.991 PM INFO   [main] org.quartz.impl.StdSchedulerFactory :? ====== Using default implementation for ThreadExecutor
2021-02-13 22:12:44.262 PM INFO   [main] org.quartz.core.SchedulerSignalerImpl :? ====== Initialized Scheduler Signaller of type: class org.quartz.core.SchedulerSignalerImpl
2021-02-13 22:12:44.262 PM INFO   [main] org.quartz.core.QuartzScheduler :? ====== Quartz Scheduler v.2.2.3 created.
2021-02-13 22:12:44.271 PM INFO   [main] org.quartz.simpl.RAMJobStore :? ====== RAMJobStore initialized.
2021-02-13 22:12:44.286 PM INFO   [main] org.quartz.core.QuartzScheduler :? ====== Scheduler meta-data: Quartz Scheduler (v2.2.3) 'quartzScheduler' with instanceId 'NON_CLUSTERED'
  Scheduler class: 'org.quartz.core.QuartzScheduler' - running locally.
  NOT STARTED.
  Currently in standby mode.
  Number of jobs executed: 0
  Using thread pool 'org.quartz.simpl.SimpleThreadPool' - with 10 threads.
  Using job-store 'org.quartz.simpl.RAMJobStore' - which does not support persistence. and is not clustered.

2021-02-13 22:12:44.286 PM INFO   [main] org.quartz.impl.StdSchedulerFactory :? ====== Quartz scheduler 'quartzScheduler' initialized from an externally provided properties instance.
2021-02-13 22:12:44.286 PM INFO   [main] org.quartz.impl.StdSchedulerFactory :? ====== Quartz scheduler version: 2.2.3
2021-02-13 22:12:44.288 PM INFO   [main] org.quartz.core.QuartzScheduler :? ====== JobFactory set to: grails.plugins.quartz.GrailsJobFactory@367628c8
2021-02-13 22:12:46.894 PM INFO   [main] org.springframework.jmx.export.annotation.AnnotationMBeanExporter :? ====== Registering beans for JMX exposure on startup
2021-02-13 22:12:46.904 PM INFO   [main] org.springframework.boot.actuate.endpoint.jmx.EndpointMBeanExporter :? ====== Registering beans for JMX exposure on startup
2021-02-13 22:12:46.909 PM INFO   [main] org.grails.plugins.datasource.TomcatJDBCPoolMBeanExporter :? ====== Registering beans for JMX exposure on startup
2021-02-13 22:12:46.916 PM INFO   [main] org.springframework.context.support.DefaultLifecycleProcessor :? ====== Starting beans in phase -2147483648
2021-02-13 22:12:46.929 PM INFO   [main] org.springframework.context.support.DefaultLifecycleProcessor :? ====== Starting beans in phase 0
2021-02-13 22:12:46.964 PM INFO   [main] org.springframework.boot.actuate.endpoint.jmx.EndpointMBeanExporter :? ====== Located managed bean 'shutdownEndpoint': registering with JMX server as MBean [org.springframework.boot:type=Endpoint,name=shutdownEndpoint,identity=14170abd]
2021-02-13 22:12:47.015 PM INFO   [main] org.springframework.context.support.DefaultLifecycleProcessor :? ====== Starting beans in phase 2147483647
2021-02-13 22:12:47.015 PM INFO   [main] org.springframework.scheduling.quartz.SchedulerFactoryBean :? ====== Starting Quartz Scheduler now
2021-02-13 22:12:47.015 PM INFO   [main] org.quartz.core.QuartzScheduler :? ====== Scheduler quartzScheduler_$_NON_CLUSTERED started.
2021-02-13 22:12:47.489 PM INFO   [main] grails.plugin.springsecurity.web.GrailsSecurityFilterChain :? ====== Creating filter chain: Ant [pattern='/assets/**'], []
2021-02-13 22:12:47.490 PM INFO   [main] grails.plugin.springsecurity.web.GrailsSecurityFilterChain :? ====== Creating filter chain: Ant [pattern='/**/js/**'], []
2021-02-13 22:12:47.490 PM INFO   [main] grails.plugin.springsecurity.web.GrailsSecurityFilterChain :? ====== Creating filter chain: Ant [pattern='/**/css/**'], []
2021-02-13 22:12:47.490 PM INFO   [main] grails.plugin.springsecurity.web.GrailsSecurityFilterChain :? ====== Creating filter chain: Ant [pattern='/**/images/**'], []
2021-02-13 22:12:47.490 PM INFO   [main] grails.plugin.springsecurity.web.GrailsSecurityFilterChain :? ====== Creating filter chain: Ant [pattern='/**/favicon.ico'], []
2021-02-13 22:12:47.494 PM INFO   [main] grails.plugin.springsecurity.web.GrailsSecurityFilterChain :? ====== Creating filter chain: Ant [pattern='/**'], [grails.plugin.springsecurity.web.SecurityRequestHolderFilter@4a9e5e8d, grails.plugin.springsecurity.rest.RestLogoutFilter@28e0596c, grails.plugin.springsecurity.web.authentication.logout.MutableLogoutFilter@3673283d, grails.plugin.springsecurity.rest.RestAuthenticationFilter@1f17f552, org.springframework.security.web.servletapi.SecurityContextHolderAwareRequestFilter@578e3ab5, grails.plugin.springsecurity.web.filter.GrailsAnonymousAuthenticationFilter@66c6b8dc, grails.plugin.springsecurity.rest.RestTokenValidationFilter@69a6df5, org.springframework.security.web.access.ExceptionTranslationFilter@43e2914b, org.springframework.security.web.access.intercept.FilterSecurityInterceptor@55e5b45c]
2021-02-13 22:12:47.497 PM INFO   [main] grails.plugin.springsecurity.web.GrailsSecurityFilterChain :? ====== Creating filter chain: Ant [pattern='/auth/success'], [grails.plugin.springsecurity.web.filter.GrailsAnonymousAuthenticationFilter@66c6b8dc, grails.plugin.springsecurity.rest.RestTokenValidationFilter@69a6df5, org.springframework.security.web.access.ExceptionTranslationFilter@43e2914b, org.springframework.security.web.access.intercept.FilterSecurityInterceptor@55e5b45c]
2021-02-13 22:12:47.498 PM INFO   [main] grails.plugin.springsecurity.web.GrailsSecurityFilterChain :? ====== Creating filter chain: Ant [pattern='/oauth/authenticate/google'], [grails.plugin.springsecurity.web.filter.GrailsAnonymousAuthenticationFilter@66c6b8dc, grails.plugin.springsecurity.rest.RestTokenValidationFilter@69a6df5, org.springframework.security.web.access.ExceptionTranslationFilter@43e2914b, org.springframework.security.web.access.intercept.FilterSecurityInterceptor@55e5b45c]
2021-02-13 22:12:47.498 PM INFO   [main] grails.plugin.springsecurity.web.GrailsSecurityFilterChain :? ====== Creating filter chain: Ant [pattern='/oauth/authenticate/facebook'], [grails.plugin.springsecurity.web.filter.GrailsAnonymousAuthenticationFilter@66c6b8dc, grails.plugin.springsecurity.rest.RestTokenValidationFilter@69a6df5, org.springframework.security.web.access.ExceptionTranslationFilter@43e2914b, org.springframework.security.web.access.intercept.FilterSecurityInterceptor@55e5b45c]
2021-02-13 22:12:47.498 PM INFO   [main] grails.plugin.springsecurity.web.GrailsSecurityFilterChain :? ====== Creating filter chain: Ant [pattern='/oauth/callback/facebook'], [grails.plugin.springsecurity.web.filter.GrailsAnonymousAuthenticationFilter@66c6b8dc, grails.plugin.springsecurity.rest.RestTokenValidationFilter@69a6df5, org.springframework.security.web.access.ExceptionTranslationFilter@43e2914b, org.springframework.security.web.access.intercept.FilterSecurityInterceptor@55e5b45c]
2021-02-13 22:12:47.499 PM INFO   [main] grails.plugin.springsecurity.web.GrailsSecurityFilterChain :? ====== Creating filter chain: Ant [pattern='/oauth/callback/google'], [grails.plugin.springsecurity.web.filter.GrailsAnonymousAuthenticationFilter@66c6b8dc, grails.plugin.springsecurity.rest.RestTokenValidationFilter@69a6df5, org.springframework.security.web.access.ExceptionTranslationFilter@43e2914b, org.springframework.security.web.access.intercept.FilterSecurityInterceptor@55e5b45c]
2021-02-13 22:12:47.499 PM INFO   [main] grails.plugin.springsecurity.web.GrailsSecurityFilterChain :? ====== Creating filter chain: Ant [pattern='/'], [grails.plugin.springsecurity.web.filter.GrailsAnonymousAuthenticationFilter@66c6b8dc, grails.plugin.springsecurity.rest.RestTokenValidationFilter@69a6df5, org.springframework.security.web.access.ExceptionTranslationFilter@43e2914b, org.springframework.security.web.access.intercept.FilterSecurityInterceptor@55e5b45c]
2021-02-13 22:12:47.499 PM INFO   [main] grails.plugin.springsecurity.web.GrailsSecurityFilterChain :? ====== Creating filter chain: Ant [pattern='/api/**'], [grails.plugin.springsecurity.web.SecurityRequestHolderFilter@4a9e5e8d, grails.plugin.springsecurity.rest.RestLogoutFilter@28e0596c, grails.plugin.springsecurity.web.authentication.logout.MutableLogoutFilter@3673283d, grails.plugin.springsecurity.rest.RestAuthenticationFilter@1f17f552, org.springframework.security.web.servletapi.SecurityContextHolderAwareRequestFilter@578e3ab5, grails.plugin.springsecurity.web.filter.GrailsAnonymousAuthenticationFilter@66c6b8dc, grails.plugin.springsecurity.rest.RestTokenValidationFilter@69a6df5, org.springframework.security.web.access.ExceptionTranslationFilter@43e2914b, org.springframework.security.web.access.intercept.FilterSecurityInterceptor@55e5b45c]
2021-02-13 22:12:47.823 PM INFO   [main] org.quartz.core.QuartzScheduler :? ====== Scheduler quartzScheduler_$_NON_CLUSTERED started.
2021-02-13 22:12:47.823 PM INFO   [main] quartz.QuartzGrailsPlugin :? ====== Quartz Scheduler - Started
2021-02-13 22:12:47.886 PM INFO   [quartzScheduler_Worker-2] corebackend.odp.UserDeviceService :? ====== ===Start updating lastActivity===
2021-02-13 22:12:47.938 PM ERROR  [main] corebackend.common.LoggerService :? ====== Generate log is error, PID :35180c1dbb544652ac9374626eac6abd , ErrorMessage : No thread-bound request found: Are you referring to request attributes outside of an actual web request, or processing a request outside of the originally receiving thread? If you are actually operating within a web request and still receive this message, your code is probably running outside of DispatcherServlet/DispatcherPortlet: In this case, use RequestContextListener or RequestContextFilter to expose the current request. 
2021-02-13 22:12:47.963 PM INFO   [main] corebackend.MigrationService :? ====== PID: 35180c1dbb544652ac9374626eac6abd, Internal Server Error, user: null, request action: '', from:  , Ajax: , controller: null, action: null, params: null, browser: null
2021-02-13 22:12:48.106 PM INFO   [quartzScheduler_Worker-2] grails.plugins.redis.RedisService :? ====== Unreachable redis store trying to retrieve redis resource.  Please check redis server and/or config!
2021-02-13 22:12:48.106 PM INFO   [quartzScheduler_Worker-1] grails.plugins.redis.RedisService :? ====== Unreachable redis store trying to retrieve redis resource.  Please check redis server and/or config!
2021-02-13 22:12:48.115 PM INFO   [quartzScheduler_Worker-2] grails.plugins.redis.RedisService :? ====== Unreachable redis store trying to retrieve redis resource.  Please check redis server and/or config!
2021-02-13 22:12:48.915 PM ERROR  [main] corebackend.common.LoggerService :? ====== Generate log is error, PID :5360b44524f5418fa0ad4a789c57d644 , ErrorMessage : No thread-bound request found: Are you referring to request attributes outside of an actual web request, or processing a request outside of the originally receiving thread? If you are actually operating within a web request and still receive this message, your code is probably running outside of DispatcherServlet/DispatcherPortlet: In this case, use RequestContextListener or RequestContextFilter to expose the current request. 
2021-02-13 22:12:48.915 PM INFO   [main] corebackend.MigrationService :? ====== PID: 5360b44524f5418fa0ad4a789c57d644, Internal Server Error, user: null, request action: '', from:  , Ajax: , controller: null, action: null, params: null, browser: null
2021-02-13 22:12:48.915 PM ERROR  [main] corebackend.common.LoggerService :? ====== Generate log is error, PID :5e64e0fcedb14612bd8fcc5239c39139 , ErrorMessage : No thread-bound request found: Are you referring to request attributes outside of an actual web request, or processing a request outside of the originally receiving thread? If you are actually operating within a web request and still receive this message, your code is probably running outside of DispatcherServlet/DispatcherPortlet: In this case, use RequestContextListener or RequestContextFilter to expose the current request. 
2021-02-13 22:12:48.916 PM INFO   [main] corebackend.MigrationService :? ====== PID: 5e64e0fcedb14612bd8fcc5239c39139, Internal Server Error, user: null, request action: '', from:  , Ajax: , controller: null, action: null, params: null, browser: null
2021-02-13 22:12:49.590 PM ERROR  [main] corebackend.common.LoggerService :? ====== Generate log is error, PID :9428df346d54490a8aa6ad97704a09f7 , ErrorMessage : No thread-bound request found: Are you referring to request attributes outside of an actual web request, or processing a request outside of the originally receiving thread? If you are actually operating within a web request and still receive this message, your code is probably running outside of DispatcherServlet/DispatcherPortlet: In this case, use RequestContextListener or RequestContextFilter to expose the current request. 
2021-02-13 22:12:49.592 PM INFO   [main] corebackend.MigrationService :? ====== PID: 9428df346d54490a8aa6ad97704a09f7, Internal Server Error, user: null, request action: '', from:  , Ajax: , controller: null, action: null, params: null, browser: null
2021-02-13 22:12:49.592 PM ERROR  [main] corebackend.common.LoggerService :? ====== Generate log is error, PID :022b1a7c14564bb8b820d8d283083754 , ErrorMessage : No thread-bound request found: Are you referring to request attributes outside of an actual web request, or processing a request outside of the originally receiving thread? If you are actually operating within a web request and still receive this message, your code is probably running outside of DispatcherServlet/DispatcherPortlet: In this case, use RequestContextListener or RequestContextFilter to expose the current request. 
2021-02-13 22:12:49.593 PM INFO   [main] corebackend.MigrationService :? ====== PID: 022b1a7c14564bb8b820d8d283083754, Internal Server Error, user: null, request action: '', from:  , Ajax: , controller: null, action: null, params: null, browser: null
2021-02-13 22:12:49.712 PM ERROR  [main] corebackend.common.LoggerService :? ====== Generate log is error, PID :0deda59f35ce4cd0a1a8918f288c5dc1 , ErrorMessage : No thread-bound request found: Are you referring to request attributes outside of an actual web request, or processing a request outside of the originally receiving thread? If you are actually operating within a web request and still receive this message, your code is probably running outside of DispatcherServlet/DispatcherPortlet: In this case, use RequestContextListener or RequestContextFilter to expose the current request. 
2021-02-13 22:12:49.714 PM ERROR  [main] corebackend.odp.CoordinateValidatorService :? ====== PID: 0deda59f35ce4cd0a1a8918f288c5dc1, Internal Server Error, user: null, request action: '', from:  , Ajax: , controller: null, action: null, params: null, browser: null
2021-02-13 22:12:49.753 PM INFO   [main] grails.plugins.redis.RedisService :? ====== Unreachable redis store trying to retrieve redis resource.  Please check redis server and/or config!
2021-02-13 22:12:50.234 PM ERROR  [main] corebackend.common.LoggerService :? ====== Generate log is error, PID :da86b30a9b93457e9c7c74cf3d1f4768 , ErrorMessage : No thread-bound request found: Are you referring to request attributes outside of an actual web request, or processing a request outside of the originally receiving thread? If you are actually operating within a web request and still receive this message, your code is probably running outside of DispatcherServlet/DispatcherPortlet: In this case, use RequestContextListener or RequestContextFilter to expose the current request. 
2021-02-13 22:12:50.235 PM INFO   [main] corebackend.MigrationService :? ====== PID: da86b30a9b93457e9c7c74cf3d1f4768, Internal Server Error, user: null, request action: '', from:  , Ajax: , controller: null, action: null, params: null, browser: null
2021-02-13 22:12:50.259 PM ERROR  [main] corebackend.common.LoggerService :? ====== Generate log is error, PID :9b5ab7b4e3a74b11a8dfb74a65e845d0 , ErrorMessage : No thread-bound request found: Are you referring to request attributes outside of an actual web request, or processing a request outside of the originally receiving thread? If you are actually operating within a web request and still receive this message, your code is probably running outside of DispatcherServlet/DispatcherPortlet: In this case, use RequestContextListener or RequestContextFilter to expose the current request. 
2021-02-13 22:12:50.259 PM INFO   [main] corebackend.MigrationService :? ====== PID: 9b5ab7b4e3a74b11a8dfb74a65e845d0, Internal Server Error, user: null, request action: '', from:  , Ajax: , controller: null, action: null, params: null, browser: null
2021-02-13 22:12:50.456 PM INFO   [main] grails.plugins.redis.RedisService :? ====== Unreachable redis store trying to retrieve redis resource.  Please check redis server and/or config!
2021-02-13 22:12:50.463 PM INFO   [main] grails.plugins.redis.RedisService :? ====== Unreachable redis store trying to retrieve redis resource.  Please check redis server and/or config!
2021-02-13 22:12:50.467 PM INFO   [main] grails.plugins.redis.RedisService :? ====== Unreachable redis store trying to retrieve redis resource.  Please check redis server and/or config!
2021-02-13 22:12:50.470 PM INFO   [main] grails.plugins.redis.RedisService :? ====== Unreachable redis store trying to retrieve redis resource.  Please check redis server and/or config!
2021-02-13 22:12:50.473 PM INFO   [main] grails.plugins.redis.RedisService :? ====== Unreachable redis store trying to retrieve redis resource.  Please check redis server and/or config!
2021-02-13 22:12:50.476 PM INFO   [main] grails.plugins.redis.RedisService :? ====== Unreachable redis store trying to retrieve redis resource.  Please check redis server and/or config!
2021-02-13 22:12:50.480 PM INFO   [main] grails.plugins.redis.RedisService :? ====== Unreachable redis store trying to retrieve redis resource.  Please check redis server and/or config!
2021-02-13 22:12:50.482 PM INFO   [main] grails.plugins.redis.RedisService :? ====== Unreachable redis store trying to retrieve redis resource.  Please check redis server and/or config!
2021-02-13 22:12:50.486 PM INFO   [main] grails.plugins.redis.RedisService :? ====== Unreachable redis store trying to retrieve redis resource.  Please check redis server and/or config!
2021-02-13 22:12:50.489 PM INFO   [main] grails.plugins.redis.RedisService :? ====== Unreachable redis store trying to retrieve redis resource.  Please check redis server and/or config!
2021-02-13 22:12:50.492 PM INFO   [main] grails.plugins.redis.RedisService :? ====== Unreachable redis store trying to retrieve redis resource.  Please check redis server and/or config!
2021-02-13 22:12:50.496 PM INFO   [main] grails.plugins.redis.RedisService :? ====== Unreachable redis store trying to retrieve redis resource.  Please check redis server and/or config!
2021-02-13 22:12:50.499 PM INFO   [main] grails.plugins.redis.RedisService :? ====== Unreachable redis store trying to retrieve redis resource.  Please check redis server and/or config!
2021-02-13 22:12:50.503 PM INFO   [main] grails.plugins.redis.RedisService :? ====== Unreachable redis store trying to retrieve redis resource.  Please check redis server and/or config!
2021-02-13 22:12:50.506 PM INFO   [main] grails.plugins.redis.RedisService :? ====== Unreachable redis store trying to retrieve redis resource.  Please check redis server and/or config!
2021-02-13 22:12:50.509 PM INFO   [main] grails.plugins.redis.RedisService :? ====== Unreachable redis store trying to retrieve redis resource.  Please check redis server and/or config!
2021-02-13 22:12:50.532 PM INFO   [main] org.apache.coyote.http11.Http11NioProtocol :? ====== Starting ProtocolHandler ["http-nio-8080"]
2021-02-13 22:12:50.556 PM INFO   [main] org.apache.tomcat.util.net.NioSelectorPool :? ====== Using a shared selector for servlet write/read
2021-02-13 22:12:50.603 PM INFO   [main] org.apache.catalina.core.ContainerBase.[Tomcat].[localhost].[/] :? ====== Initializing Spring FrameworkServlet 'grailsDispatcherServlet'
2021-02-13 22:12:50.603 PM INFO   [main] org.grails.web.servlet.mvc.GrailsDispatcherServlet :? ====== FrameworkServlet 'grailsDispatcherServlet': initialization started
2021-02-13 22:12:50.644 PM INFO   [main] org.grails.web.servlet.mvc.GrailsDispatcherServlet :? ====== FrameworkServlet 'grailsDispatcherServlet': initialization completed in 41 ms
2021-02-13 22:12:50.644 PM INFO   [main] org.springframework.boot.context.embedded.tomcat.TomcatEmbeddedServletContainer :? ====== Tomcat started on port(s): 8080 (http)
2021-02-13 22:12:50.656 PM INFO   [main] demoexcel.Application :? ====== Started Application in 39.233 seconds (JVM running for 42.189)
2021-02-13 22:12:50.656 PM INFO   [main] grails.boot.GrailsApp :? ====== Application starting in environment: development
2021-02-13 22:12:51.204 PM INFO   [http-nio-8080-exec-2] org.springframework.security.core.SpringSecurityCoreVersion :? ====== You are running with Spring Security Core 4.2.7.RELEASE
2021-02-13 22:12:52.383 PM INFO   [http-nio-8080-exec-2] corebackend.audittrail.AudittrailService :? ====== PID: efe61ee9e73b441e9996de4c8082457b, Server: localhost,deviceType: null, nativeAppVersion: null, request: #1, user: ,  userIdHeader: null, deviceId: null, json: null, request action: '/'/'/', httpMethod: GETfrom: 0:0:0:0:0:0:0:1 (0:0:0:0:0:0:0:1) , Ajax: false, controller: application, action: index, params: [:], browser: null, output: {"success":false,"message":"Access forbidden - Not able verify API/Basic Authentication key"}, controller total time: 351ms, user: , request action: '///', from: 0:0:0:0:0:0:0:1/0:0:0:0:0:0:0:1 , Ajax: false, controller: application, action: index, params: [:], browser: Mozilla/5.0 (Windows NT 10.0; Win64; x64) AppleWebKit/537.36 (KHTML, like Gecko) Chrome/88.0.4324.150 Safari/537.36
2021-02-13 22:12:52.472 PM ERROR  [http-nio-8080-exec-2] corebackend.CustomSystemFilterInterceptor :? ====== PID: efe61ee9e73b441e9996de4c8082457b, Error parsing JSON, user: , request action: '///', from: 0:0:0:0:0:0:0:1/0:0:0:0:0:0:0:1 , Ajax: false, controller: application, action: index, params: [:], browser: Mozilla/5.0 (Windows NT 10.0; Win64; x64) AppleWebKit/537.36 (KHTML, like Gecko) Chrome/88.0.4324.150 Safari/537.36
2021-02-13 22:12:52.476 PM INFO   [http-nio-8080-exec-2] corebackend.audittrail.AudittrailService :? ====== PID: efe61ee9e73b441e9996de4c8082457b, Server: localhost,deviceType: null, nativeAppVersion: null, request: #1, user: ,  userIdHeader: null, deviceId: null, json: null, request action: '/'/'/', httpMethod: GETfrom: 0:0:0:0:0:0:0:1 (0:0:0:0:0:0:0:1) , Ajax: false, controller: application, action: index, params: [:], browser: null, output: {"success":false,"message":"Error parsing JSON"}, controller total time: 457ms, user: , request action: '///', from: 0:0:0:0:0:0:0:1/0:0:0:0:0:0:0:1 , Ajax: false, controller: application, action: index, params: [:], browser: Mozilla/5.0 (Windows NT 10.0; Win64; x64) AppleWebKit/537.36 (KHTML, like Gecko) Chrome/88.0.4324.150 Safari/537.36
2021-02-13 22:12:52.714 PM WARN   [http-nio-8080-exec-3] org.springframework.web.servlet.PageNotFound :? ====== No mapping found for HTTP request with URI [/favicon.ico] in DispatcherServlet with name 'grailsDispatcherServlet'
2021-02-13 22:12:52.734 PM INFO   [http-nio-8080-exec-3] corebackend.audittrail.AudittrailService :? ====== PID: 47939aa1d0484bf9a3fb48ecc0993979, Server: localhost,deviceType: null, nativeAppVersion: null, request: #2, user: ,  userIdHeader: null, deviceId: null, json: null, request action: '/error'/'/favicon.ico', httpMethod: GETfrom: 0:0:0:0:0:0:0:1 (0:0:0:0:0:0:0:1) , Ajax: false, controller: favicon, action: null, params: [:], browser: null, output: {"success":false,"message":"Access forbidden - Not able verify API/Basic Authentication key"}, controller total time: 6ms, user: , request action: '/error//favicon.ico', from: 0:0:0:0:0:0:0:1/0:0:0:0:0:0:0:1 , Ajax: false, controller: favicon, action: null, params: [:], browser: Mozilla/5.0 (Windows NT 10.0; Win64; x64) AppleWebKit/537.36 (KHTML, like Gecko) Chrome/88.0.4324.150 Safari/537.36
2021-02-13 22:12:52.736 PM ERROR  [http-nio-8080-exec-3] corebackend.CustomSystemFilterInterceptor :? ====== PID: 47939aa1d0484bf9a3fb48ecc0993979, Error parsing JSON, user: , request action: '/error//favicon.ico', from: 0:0:0:0:0:0:0:1/0:0:0:0:0:0:0:1 , Ajax: false, controller: favicon, action: null, params: [:], browser: Mozilla/5.0 (Windows NT 10.0; Win64; x64) AppleWebKit/537.36 (KHTML, like Gecko) Chrome/88.0.4324.150 Safari/537.36
2021-02-13 22:12:52.738 PM INFO   [http-nio-8080-exec-3] corebackend.audittrail.AudittrailService :? ====== PID: 47939aa1d0484bf9a3fb48ecc0993979, Server: localhost,deviceType: null, nativeAppVersion: null, request: #2, user: ,  userIdHeader: null, deviceId: null, json: null, request action: '/error'/'/favicon.ico', httpMethod: GETfrom: 0:0:0:0:0:0:0:1 (0:0:0:0:0:0:0:1) , Ajax: false, controller: favicon, action: null, params: [:], browser: null, output: {"success":false,"message":"Error parsing JSON"}, controller total time: 10ms, user: , request action: '/error//favicon.ico', from: 0:0:0:0:0:0:0:1/0:0:0:0:0:0:0:1 , Ajax: false, controller: favicon, action: null, params: [:], browser: Mozilla/5.0 (Windows NT 10.0; Win64; x64) AppleWebKit/537.36 (KHTML, like Gecko) Chrome/88.0.4324.150 Safari/537.36
2021-02-13 22:13:02.312 PM INFO   [http-nio-8080-exec-5] corebackend.audittrail.AudittrailService :? ====== PID: 682aaf95b59d4a5fb2bf10882c992af2, Server: localhost,deviceType: null, nativeAppVersion: null, request: #3, user: ,  userIdHeader: null, deviceId: null, json: null, request action: '/api/v1/login'/'/api/v1/login', httpMethod: POSTfrom: 0:0:0:0:0:0:0:1 (0:0:0:0:0:0:0:1) , Ajax: false, controller: auth, action: login, params: [action:login, controller:auth], browser: null, output: {"success":false,"message":"Access forbidden - Not able verify API/Basic Authentication key"}, controller total time: 3ms, user: , request action: '/api/v1/login//api/v1/login', from: 0:0:0:0:0:0:0:1/0:0:0:0:0:0:0:1 , Ajax: false, controller: auth, action: login, params: [action:login, controller:auth], browser: PostmanRuntime/7.26.10
2021-02-13 22:13:02.314 PM ERROR  [http-nio-8080-exec-5] corebackend.CustomSystemFilterInterceptor :? ====== PID: 682aaf95b59d4a5fb2bf10882c992af2, Error parsing JSON, user: , request action: '/api/v1/login//api/v1/login', from: 0:0:0:0:0:0:0:1/0:0:0:0:0:0:0:1 , Ajax: false, controller: auth, action: login, params: [action:login, controller:auth], browser: PostmanRuntime/7.26.10
2021-02-13 22:13:02.316 PM INFO   [http-nio-8080-exec-5] corebackend.audittrail.AudittrailService :? ====== PID: 682aaf95b59d4a5fb2bf10882c992af2, Server: localhost,deviceType: null, nativeAppVersion: null, request: #3, user: ,  userIdHeader: null, deviceId: null, json: null, request action: '/api/v1/login'/'/api/v1/login', httpMethod: POSTfrom: 0:0:0:0:0:0:0:1 (0:0:0:0:0:0:0:1) , Ajax: false, controller: auth, action: login, params: [action:login, controller:auth], browser: null, output: {"success":false,"message":"Error parsing JSON"}, controller total time: 8ms, user: , request action: '/api/v1/login//api/v1/login', from: 0:0:0:0:0:0:0:1/0:0:0:0:0:0:0:1 , Ajax: false, controller: auth, action: login, params: [action:login, controller:auth], browser: PostmanRuntime/7.26.10
2021-02-13 22:13:08.338 PM INFO   [http-nio-8080-exec-10] corebackend.audittrail.AudittrailService :? ====== PID: 5a7de1a2c099491c8e18cafc354f0331, Server: localhost,deviceType: null, nativeAppVersion: null, request: #4, user: ,  userIdHeader: null, deviceId: null, json: null, request action: '/api/v1/login'/'/api/v1/login', httpMethod: POSTfrom: 0:0:0:0:0:0:0:1 (0:0:0:0:0:0:0:1) , Ajax: false, controller: auth, action: login, params: [action:login, controller:auth], browser: null, output: {"success":false,"message":"Access forbidden - Not able verify API/Basic Authentication key"}, controller total time: 2ms, user: , request action: '/api/v1/login//api/v1/login', from: 0:0:0:0:0:0:0:1/0:0:0:0:0:0:0:1 , Ajax: false, controller: auth, action: login, params: [action:login, controller:auth], browser: PostmanRuntime/7.26.10
2021-02-13 22:13:08.340 PM ERROR  [http-nio-8080-exec-10] corebackend.CustomSystemFilterInterceptor :? ====== PID: 5a7de1a2c099491c8e18cafc354f0331, Error parsing JSON, user: , request action: '/api/v1/login//api/v1/login', from: 0:0:0:0:0:0:0:1/0:0:0:0:0:0:0:1 , Ajax: false, controller: auth, action: login, params: [action:login, controller:auth], browser: PostmanRuntime/7.26.10
2021-02-13 22:13:08.342 PM INFO   [http-nio-8080-exec-10] corebackend.audittrail.AudittrailService :? ====== PID: 5a7de1a2c099491c8e18cafc354f0331, Server: localhost,deviceType: null, nativeAppVersion: null, request: #4, user: ,  userIdHeader: null, deviceId: null, json: null, request action: '/api/v1/login'/'/api/v1/login', httpMethod: POSTfrom: 0:0:0:0:0:0:0:1 (0:0:0:0:0:0:0:1) , Ajax: false, controller: auth, action: login, params: [action:login, controller:auth], browser: null, output: {"success":false,"message":"Error parsing JSON"}, controller total time: 8ms, user: , request action: '/api/v1/login//api/v1/login', from: 0:0:0:0:0:0:0:1/0:0:0:0:0:0:0:1 , Ajax: false, controller: auth, action: login, params: [action:login, controller:auth], browser: PostmanRuntime/7.26.10
2021-02-13 22:13:27.165 PM INFO   [http-nio-8080-exec-7] corebackend.audittrail.AudittrailService :? ====== PID: 2c692ea40b9b4725a039914d8c425b5c, Server: localhost,deviceType: null, nativeAppVersion: null, request: #5, user: ,  userIdHeader: null, deviceId: null, json: null, request action: '/api/v1/login'/'/api/v1/login', httpMethod: POSTfrom: 0:0:0:0:0:0:0:1 (0:0:0:0:0:0:0:1) , Ajax: false, controller: auth, action: login, params: [action:login, controller:auth], browser: null, output: {"success":false,"message":"Access forbidden - Not able verify API/Basic Authentication key"}, controller total time: 2ms, user: , request action: '/api/v1/login//api/v1/login', from: 0:0:0:0:0:0:0:1/0:0:0:0:0:0:0:1 , Ajax: false, controller: auth, action: login, params: [action:login, controller:auth], browser: PostmanRuntime/7.26.10
2021-02-13 22:13:27.167 PM ERROR  [http-nio-8080-exec-7] corebackend.CustomSystemFilterInterceptor :? ====== PID: 2c692ea40b9b4725a039914d8c425b5c, Error parsing JSON, user: , request action: '/api/v1/login//api/v1/login', from: 0:0:0:0:0:0:0:1/0:0:0:0:0:0:0:1 , Ajax: false, controller: auth, action: login, params: [action:login, controller:auth], browser: PostmanRuntime/7.26.10
2021-02-13 22:13:27.170 PM INFO   [http-nio-8080-exec-7] corebackend.audittrail.AudittrailService :? ====== PID: 2c692ea40b9b4725a039914d8c425b5c, Server: localhost,deviceType: null, nativeAppVersion: null, request: #5, user: ,  userIdHeader: null, deviceId: null, json: null, request action: '/api/v1/login'/'/api/v1/login', httpMethod: POSTfrom: 0:0:0:0:0:0:0:1 (0:0:0:0:0:0:0:1) , Ajax: false, controller: auth, action: login, params: [action:login, controller:auth], browser: null, output: {"success":false,"message":"Error parsing JSON"}, controller total time: 8ms, user: , request action: '/api/v1/login//api/v1/login', from: 0:0:0:0:0:0:0:1/0:0:0:0:0:0:0:1 , Ajax: false, controller: auth, action: login, params: [action:login, controller:auth], browser: PostmanRuntime/7.26.10
2021-02-13 22:14:35.609 PM INFO   [http-nio-8080-exec-2] corebackend.audittrail.AudittrailService :? ====== PID: 883bc64dce414a239cbb2d6f5767c2d7, Server: localhost,deviceType: null, nativeAppVersion: null, request: #6, user: ,  userIdHeader: null, deviceId: null, json: null, request action: '/api/v1/login'/'/api/v1/login', httpMethod: POSTfrom: 0:0:0:0:0:0:0:1 (0:0:0:0:0:0:0:1) , Ajax: false, controller: auth, action: login, params: [action:login, controller:auth], browser: null, output: {"success":false,"message":"Access forbidden - Not able verify API/Basic Authentication key"}, controller total time: 2ms, user: , request action: '/api/v1/login//api/v1/login', from: 0:0:0:0:0:0:0:1/0:0:0:0:0:0:0:1 , Ajax: false, controller: auth, action: login, params: [action:login, controller:auth], browser: PostmanRuntime/7.26.10
2021-02-13 22:14:35.611 PM ERROR  [http-nio-8080-exec-2] corebackend.CustomSystemFilterInterceptor :? ====== PID: 883bc64dce414a239cbb2d6f5767c2d7, Error parsing JSON, user: , request action: '/api/v1/login//api/v1/login', from: 0:0:0:0:0:0:0:1/0:0:0:0:0:0:0:1 , Ajax: false, controller: auth, action: login, params: [action:login, controller:auth], browser: PostmanRuntime/7.26.10
2021-02-13 22:14:35.612 PM INFO   [http-nio-8080-exec-2] corebackend.audittrail.AudittrailService :? ====== PID: 883bc64dce414a239cbb2d6f5767c2d7, Server: localhost,deviceType: null, nativeAppVersion: null, request: #6, user: ,  userIdHeader: null, deviceId: null, json: null, request action: '/api/v1/login'/'/api/v1/login', httpMethod: POSTfrom: 0:0:0:0:0:0:0:1 (0:0:0:0:0:0:0:1) , Ajax: false, controller: auth, action: login, params: [action:login, controller:auth], browser: null, output: {"success":false,"message":"Error parsing JSON"}, controller total time: 6ms, user: , request action: '/api/v1/login//api/v1/login', from: 0:0:0:0:0:0:0:1/0:0:0:0:0:0:0:1 , Ajax: false, controller: auth, action: login, params: [action:login, controller:auth], browser: PostmanRuntime/7.26.10
2021-02-13 22:15:11.067 PM INFO   [http-nio-8080-exec-3] corebackend.audittrail.AudittrailService :? ====== PID: 0553eb1df97b4f66a53b1f80bfdfd405, Server: localhost,deviceType: null, nativeAppVersion: null, request: #7, user: ,  userIdHeader: null, deviceId: null, json: null, request action: '/api/v1/login'/'/api/v1/login', httpMethod: POSTfrom: 0:0:0:0:0:0:0:1 (0:0:0:0:0:0:0:1) , Ajax: false, controller: auth, action: login, params: [action:login, controller:auth], browser: null, output: {"success":false,"message":"Access forbidden - Not able verify API/Basic Authentication key"}, controller total time: 1ms, user: , request action: '/api/v1/login//api/v1/login', from: 0:0:0:0:0:0:0:1/0:0:0:0:0:0:0:1 , Ajax: false, controller: auth, action: login, params: [action:login, controller:auth], browser: PostmanRuntime/7.26.10
2021-02-13 22:15:11.068 PM ERROR  [http-nio-8080-exec-3] corebackend.CustomSystemFilterInterceptor :? ====== PID: 0553eb1df97b4f66a53b1f80bfdfd405, Error parsing JSON, user: , request action: '/api/v1/login//api/v1/login', from: 0:0:0:0:0:0:0:1/0:0:0:0:0:0:0:1 , Ajax: false, controller: auth, action: login, params: [action:login, controller:auth], browser: PostmanRuntime/7.26.10
2021-02-13 22:15:11.070 PM INFO   [http-nio-8080-exec-3] corebackend.audittrail.AudittrailService :? ====== PID: 0553eb1df97b4f66a53b1f80bfdfd405, Server: localhost,deviceType: null, nativeAppVersion: null, request: #7, user: ,  userIdHeader: null, deviceId: null, json: null, request action: '/api/v1/login'/'/api/v1/login', httpMethod: POSTfrom: 0:0:0:0:0:0:0:1 (0:0:0:0:0:0:0:1) , Ajax: false, controller: auth, action: login, params: [action:login, controller:auth], browser: null, output: {"success":false,"message":"Error parsing JSON"}, controller total time: 5ms, user: , request action: '/api/v1/login//api/v1/login', from: 0:0:0:0:0:0:0:1/0:0:0:0:0:0:0:1 , Ajax: false, controller: auth, action: login, params: [action:login, controller:auth], browser: PostmanRuntime/7.26.10
2021-02-13 22:15:12.422 PM INFO   [http-nio-8080-exec-4] corebackend.audittrail.AudittrailService :? ====== PID: eb72a5a3d9ad4a6b85dcad4bcbe5959e, Server: localhost,deviceType: null, nativeAppVersion: null, request: #8, user: ,  userIdHeader: null, deviceId: null, json: null, request action: '/api/v1/login'/'/api/v1/login', httpMethod: POSTfrom: 0:0:0:0:0:0:0:1 (0:0:0:0:0:0:0:1) , Ajax: false, controller: auth, action: login, params: [action:login, controller:auth], browser: null, output: {"success":false,"message":"Access forbidden - Not able verify API/Basic Authentication key"}, controller total time: 3ms, user: , request action: '/api/v1/login//api/v1/login', from: 0:0:0:0:0:0:0:1/0:0:0:0:0:0:0:1 , Ajax: false, controller: auth, action: login, params: [action:login, controller:auth], browser: PostmanRuntime/7.26.10
2021-02-13 22:15:12.425 PM ERROR  [http-nio-8080-exec-4] corebackend.CustomSystemFilterInterceptor :? ====== PID: eb72a5a3d9ad4a6b85dcad4bcbe5959e, Error parsing JSON, user: , request action: '/api/v1/login//api/v1/login', from: 0:0:0:0:0:0:0:1/0:0:0:0:0:0:0:1 , Ajax: false, controller: auth, action: login, params: [action:login, controller:auth], browser: PostmanRuntime/7.26.10
2021-02-13 22:15:12.432 PM INFO   [http-nio-8080-exec-4] corebackend.audittrail.AudittrailService :? ====== PID: eb72a5a3d9ad4a6b85dcad4bcbe5959e, Server: localhost,deviceType: null, nativeAppVersion: null, request: #8, user: ,  userIdHeader: null, deviceId: null, json: null, request action: '/api/v1/login'/'/api/v1/login', httpMethod: POSTfrom: 0:0:0:0:0:0:0:1 (0:0:0:0:0:0:0:1) , Ajax: false, controller: auth, action: login, params: [action:login, controller:auth], browser: null, output: {"success":false,"message":"Error parsing JSON"}, controller total time: 10ms, user: , request action: '/api/v1/login//api/v1/login', from: 0:0:0:0:0:0:0:1/0:0:0:0:0:0:0:1 , Ajax: false, controller: auth, action: login, params: [action:login, controller:auth], browser: PostmanRuntime/7.26.10
2021-02-13 22:15:12.797 PM INFO   [http-nio-8080-exec-5] corebackend.audittrail.AudittrailService :? ====== PID: 661d9526523e438aaf3b0fcf73b7d056, Server: localhost,deviceType: null, nativeAppVersion: null, request: #9, user: ,  userIdHeader: null, deviceId: null, json: null, request action: '/api/v1/login'/'/api/v1/login', httpMethod: POSTfrom: 0:0:0:0:0:0:0:1 (0:0:0:0:0:0:0:1) , Ajax: false, controller: auth, action: login, params: [action:login, controller:auth], browser: null, output: {"success":false,"message":"Access forbidden - Not able verify API/Basic Authentication key"}, controller total time: 2ms, user: , request action: '/api/v1/login//api/v1/login', from: 0:0:0:0:0:0:0:1/0:0:0:0:0:0:0:1 , Ajax: false, controller: auth, action: login, params: [action:login, controller:auth], browser: PostmanRuntime/7.26.10
2021-02-13 22:15:12.801 PM ERROR  [http-nio-8080-exec-5] corebackend.CustomSystemFilterInterceptor :? ====== PID: 661d9526523e438aaf3b0fcf73b7d056, Error parsing JSON, user: , request action: '/api/v1/login//api/v1/login', from: 0:0:0:0:0:0:0:1/0:0:0:0:0:0:0:1 , Ajax: false, controller: auth, action: login, params: [action:login, controller:auth], browser: PostmanRuntime/7.26.10
2021-02-13 22:15:12.803 PM INFO   [http-nio-8080-exec-5] corebackend.audittrail.AudittrailService :? ====== PID: 661d9526523e438aaf3b0fcf73b7d056, Server: localhost,deviceType: null, nativeAppVersion: null, request: #9, user: ,  userIdHeader: null, deviceId: null, json: null, request action: '/api/v1/login'/'/api/v1/login', httpMethod: POSTfrom: 0:0:0:0:0:0:0:1 (0:0:0:0:0:0:0:1) , Ajax: false, controller: auth, action: login, params: [action:login, controller:auth], browser: null, output: {"success":false,"message":"Error parsing JSON"}, controller total time: 8ms, user: , request action: '/api/v1/login//api/v1/login', from: 0:0:0:0:0:0:0:1/0:0:0:0:0:0:0:1 , Ajax: false, controller: auth, action: login, params: [action:login, controller:auth], browser: PostmanRuntime/7.26.10
2021-02-13 22:15:13.484 PM INFO   [http-nio-8080-exec-10] corebackend.audittrail.AudittrailService :? ====== PID: 0bfb5d40dcd2491a93db1a1081f4568a, Server: localhost,deviceType: null, nativeAppVersion: null, request: #10, user: ,  userIdHeader: null, deviceId: null, json: null, request action: '/api/v1/login'/'/api/v1/login', httpMethod: POSTfrom: 0:0:0:0:0:0:0:1 (0:0:0:0:0:0:0:1) , Ajax: false, controller: auth, action: login, params: [action:login, controller:auth], browser: null, output: {"success":false,"message":"Access forbidden - Not able verify API/Basic Authentication key"}, controller total time: 2ms, user: , request action: '/api/v1/login//api/v1/login', from: 0:0:0:0:0:0:0:1/0:0:0:0:0:0:0:1 , Ajax: false, controller: auth, action: login, params: [action:login, controller:auth], browser: PostmanRuntime/7.26.10
2021-02-13 22:15:13.486 PM ERROR  [http-nio-8080-exec-10] corebackend.CustomSystemFilterInterceptor :? ====== PID: 0bfb5d40dcd2491a93db1a1081f4568a, Error parsing JSON, user: , request action: '/api/v1/login//api/v1/login', from: 0:0:0:0:0:0:0:1/0:0:0:0:0:0:0:1 , Ajax: false, controller: auth, action: login, params: [action:login, controller:auth], browser: PostmanRuntime/7.26.10
2021-02-13 22:15:13.488 PM INFO   [http-nio-8080-exec-10] corebackend.audittrail.AudittrailService :? ====== PID: 0bfb5d40dcd2491a93db1a1081f4568a, Server: localhost,deviceType: null, nativeAppVersion: null, request: #10, user: ,  userIdHeader: null, deviceId: null, json: null, request action: '/api/v1/login'/'/api/v1/login', httpMethod: POSTfrom: 0:0:0:0:0:0:0:1 (0:0:0:0:0:0:0:1) , Ajax: false, controller: auth, action: login, params: [action:login, controller:auth], browser: null, output: {"success":false,"message":"Error parsing JSON"}, controller total time: 6ms, user: , request action: '/api/v1/login//api/v1/login', from: 0:0:0:0:0:0:0:1/0:0:0:0:0:0:0:1 , Ajax: false, controller: auth, action: login, params: [action:login, controller:auth], browser: PostmanRuntime/7.26.10
2021-02-13 22:15:38.600 PM INFO   [http-nio-8080-exec-7] corebackend.audittrail.AudittrailService :? ====== PID: 164f2f7bd743439097b3b6a77f92201b, Server: localhost,deviceType: null, nativeAppVersion: null, request: #11, user: ,  userIdHeader: null, deviceId: null, json: null, request action: '/api/v1/login'/'/api/v1/login', httpMethod: POSTfrom: 0:0:0:0:0:0:0:1 (0:0:0:0:0:0:0:1) , Ajax: false, controller: auth, action: login, params: [action:login, controller:auth], browser: null, output: {"success":false,"message":"Access forbidden - Not able verify API/Basic Authentication key"}, controller total time: 2ms, user: , request action: '/api/v1/login//api/v1/login', from: 0:0:0:0:0:0:0:1/0:0:0:0:0:0:0:1 , Ajax: false, controller: auth, action: login, params: [action:login, controller:auth], browser: PostmanRuntime/7.26.10
2021-02-13 22:15:38.602 PM ERROR  [http-nio-8080-exec-7] corebackend.CustomSystemFilterInterceptor :? ====== PID: 164f2f7bd743439097b3b6a77f92201b, Error parsing JSON, user: , request action: '/api/v1/login//api/v1/login', from: 0:0:0:0:0:0:0:1/0:0:0:0:0:0:0:1 , Ajax: false, controller: auth, action: login, params: [action:login, controller:auth], browser: PostmanRuntime/7.26.10
2021-02-13 22:15:38.603 PM INFO   [http-nio-8080-exec-7] corebackend.audittrail.AudittrailService :? ====== PID: 164f2f7bd743439097b3b6a77f92201b, Server: localhost,deviceType: null, nativeAppVersion: null, request: #11, user: ,  userIdHeader: null, deviceId: null, json: null, request action: '/api/v1/login'/'/api/v1/login', httpMethod: POSTfrom: 0:0:0:0:0:0:0:1 (0:0:0:0:0:0:0:1) , Ajax: false, controller: auth, action: login, params: [action:login, controller:auth], browser: null, output: {"success":false,"message":"Error parsing JSON"}, controller total time: 6ms, user: , request action: '/api/v1/login//api/v1/login', from: 0:0:0:0:0:0:0:1/0:0:0:0:0:0:0:1 , Ajax: false, controller: auth, action: login, params: [action:login, controller:auth], browser: PostmanRuntime/7.26.10
2021-02-13 22:15:46.256 PM INFO   [http-nio-8080-exec-8] corebackend.audittrail.AudittrailService :? ====== PID: 4de2d7a0428a450dbacad013cf715a3d, Server: localhost,deviceType: null, nativeAppVersion: null, request: #12, user: ,  userIdHeader: null, deviceId: null, json: null, request action: '/api/v1/login'/'/api/v1/login', httpMethod: POSTfrom: 0:0:0:0:0:0:0:1 (0:0:0:0:0:0:0:1) , Ajax: false, controller: auth, action: login, params: [action:login, controller:auth], browser: null, output: {"success":false,"message":"Access forbidden - Not able verify API/Basic Authentication key"}, controller total time: 2ms, user: , request action: '/api/v1/login//api/v1/login', from: 0:0:0:0:0:0:0:1/0:0:0:0:0:0:0:1 , Ajax: false, controller: auth, action: login, params: [action:login, controller:auth], browser: PostmanRuntime/7.26.10
2021-02-13 22:15:46.259 PM ERROR  [http-nio-8080-exec-8] corebackend.CustomSystemFilterInterceptor :? ====== PID: 4de2d7a0428a450dbacad013cf715a3d, Error parsing JSON, user: , request action: '/api/v1/login//api/v1/login', from: 0:0:0:0:0:0:0:1/0:0:0:0:0:0:0:1 , Ajax: false, controller: auth, action: login, params: [action:login, controller:auth], browser: PostmanRuntime/7.26.10
2021-02-13 22:15:46.262 PM INFO   [http-nio-8080-exec-8] corebackend.audittrail.AudittrailService :? ====== PID: 4de2d7a0428a450dbacad013cf715a3d, Server: localhost,deviceType: null, nativeAppVersion: null, request: #12, user: ,  userIdHeader: null, deviceId: null, json: null, request action: '/api/v1/login'/'/api/v1/login', httpMethod: POSTfrom: 0:0:0:0:0:0:0:1 (0:0:0:0:0:0:0:1) , Ajax: false, controller: auth, action: login, params: [action:login, controller:auth], browser: null, output: {"success":false,"message":"Error parsing JSON"}, controller total time: 9ms, user: , request action: '/api/v1/login//api/v1/login', from: 0:0:0:0:0:0:0:1/0:0:0:0:0:0:0:1 , Ajax: false, controller: auth, action: login, params: [action:login, controller:auth], browser: PostmanRuntime/7.26.10
2021-02-13 22:16:59.938 PM INFO   [http-nio-8080-exec-1] corebackend.audittrail.AudittrailService :? ====== PID: c79a1ac258974f759cf73b2384ff57fd, Server: localhost,deviceType: null, nativeAppVersion: null, request: #13, user: ,  userIdHeader: null, deviceId: null, json: null, request action: '/api/v1/login'/'/api/v1/login', httpMethod: POSTfrom: 0:0:0:0:0:0:0:1 (0:0:0:0:0:0:0:1) , Ajax: false, controller: auth, action: login, params: [action:login, controller:auth], browser: null, output: {"success":false,"message":"Access forbidden - Not able verify API/Basic Authentication key"}, controller total time: 2ms, user: , request action: '/api/v1/login//api/v1/login', from: 0:0:0:0:0:0:0:1/0:0:0:0:0:0:0:1 , Ajax: false, controller: auth, action: login, params: [action:login, controller:auth], browser: PostmanRuntime/7.26.10
2021-02-13 22:16:59.941 PM ERROR  [http-nio-8080-exec-1] corebackend.CustomSystemFilterInterceptor :? ====== PID: c79a1ac258974f759cf73b2384ff57fd, Error parsing JSON, user: , request action: '/api/v1/login//api/v1/login', from: 0:0:0:0:0:0:0:1/0:0:0:0:0:0:0:1 , Ajax: false, controller: auth, action: login, params: [action:login, controller:auth], browser: PostmanRuntime/7.26.10
2021-02-13 22:16:59.943 PM INFO   [http-nio-8080-exec-1] corebackend.audittrail.AudittrailService :? ====== PID: c79a1ac258974f759cf73b2384ff57fd, Server: localhost,deviceType: null, nativeAppVersion: null, request: #13, user: ,  userIdHeader: null, deviceId: null, json: null, request action: '/api/v1/login'/'/api/v1/login', httpMethod: POSTfrom: 0:0:0:0:0:0:0:1 (0:0:0:0:0:0:0:1) , Ajax: false, controller: auth, action: login, params: [action:login, controller:auth], browser: null, output: {"success":false,"message":"Error parsing JSON"}, controller total time: 7ms, user: , request action: '/api/v1/login//api/v1/login', from: 0:0:0:0:0:0:0:1/0:0:0:0:0:0:0:1 , Ajax: false, controller: auth, action: login, params: [action:login, controller:auth], browser: PostmanRuntime/7.26.10
2021-02-13 22:17:47.804 PM INFO   [quartzScheduler_Worker-3] grails.plugins.redis.RedisService :? ====== Unreachable redis store trying to retrieve redis resource.  Please check redis server and/or config!
2021-02-13 22:21:20.337 PM INFO   [http-nio-8080-exec-4] corebackend.audittrail.AudittrailService :? ====== PID: 4bc26bb13ad3401686f8fd76c1e357b1, Server: localhost,deviceType: null, nativeAppVersion: null, request: #14, user: ,  userIdHeader: null, deviceId: null, json: null, request action: '/api/v1/login'/'/api/v1/login', httpMethod: POSTfrom: 0:0:0:0:0:0:0:1 (0:0:0:0:0:0:0:1) , Ajax: false, controller: auth, action: login, params: [action:login, controller:auth], browser: null, output: {"success":false,"message":"Access forbidden - Not able verify API/Basic Authentication key"}, controller total time: 2ms, user: , request action: '/api/v1/login//api/v1/login', from: 0:0:0:0:0:0:0:1/0:0:0:0:0:0:0:1 , Ajax: false, controller: auth, action: login, params: [action:login, controller:auth], browser: PostmanRuntime/7.26.10
2021-02-13 22:21:20.341 PM ERROR  [http-nio-8080-exec-4] corebackend.CustomSystemFilterInterceptor :? ====== PID: 4bc26bb13ad3401686f8fd76c1e357b1, Error parsing JSON, user: , request action: '/api/v1/login//api/v1/login', from: 0:0:0:0:0:0:0:1/0:0:0:0:0:0:0:1 , Ajax: false, controller: auth, action: login, params: [action:login, controller:auth], browser: PostmanRuntime/7.26.10
2021-02-13 22:21:20.345 PM INFO   [http-nio-8080-exec-4] corebackend.audittrail.AudittrailService :? ====== PID: 4bc26bb13ad3401686f8fd76c1e357b1, Server: localhost,deviceType: null, nativeAppVersion: null, request: #14, user: ,  userIdHeader: null, deviceId: null, json: null, request action: '/api/v1/login'/'/api/v1/login', httpMethod: POSTfrom: 0:0:0:0:0:0:0:1 (0:0:0:0:0:0:0:1) , Ajax: false, controller: auth, action: login, params: [action:login, controller:auth], browser: null, output: {"success":false,"message":"Error parsing JSON"}, controller total time: 10ms, user: , request action: '/api/v1/login//api/v1/login', from: 0:0:0:0:0:0:0:1/0:0:0:0:0:0:0:1 , Ajax: false, controller: auth, action: login, params: [action:login, controller:auth], browser: PostmanRuntime/7.26.10
2021-02-13 22:21:53.774 PM INFO   [http-nio-8080-exec-5] corebackend.audittrail.AudittrailService :? ====== PID: 58a215ee14094f168e4e7626f6996551, Server: localhost,deviceType: null, nativeAppVersion: null, request: #15, user: ,  userIdHeader: null, deviceId: null, json: null, request action: '/api/v1/login'/'/api/v1/login', httpMethod: POSTfrom: 0:0:0:0:0:0:0:1 (0:0:0:0:0:0:0:1) , Ajax: false, controller: auth, action: login, params: [action:login, controller:auth], browser: null, output: {"success":false,"message":"Access forbidden - Not able verify API/Basic Authentication key"}, controller total time: 3ms, user: , request action: '/api/v1/login//api/v1/login', from: 0:0:0:0:0:0:0:1/0:0:0:0:0:0:0:1 , Ajax: false, controller: auth, action: login, params: [action:login, controller:auth], browser: PostmanRuntime/7.26.10
2021-02-13 22:21:53.778 PM ERROR  [http-nio-8080-exec-5] corebackend.CustomSystemFilterInterceptor :? ====== PID: 58a215ee14094f168e4e7626f6996551, Error parsing JSON, user: , request action: '/api/v1/login//api/v1/login', from: 0:0:0:0:0:0:0:1/0:0:0:0:0:0:0:1 , Ajax: false, controller: auth, action: login, params: [action:login, controller:auth], browser: PostmanRuntime/7.26.10
2021-02-13 22:21:53.781 PM INFO   [http-nio-8080-exec-5] corebackend.audittrail.AudittrailService :? ====== PID: 58a215ee14094f168e4e7626f6996551, Server: localhost,deviceType: null, nativeAppVersion: null, request: #15, user: ,  userIdHeader: null, deviceId: null, json: null, request action: '/api/v1/login'/'/api/v1/login', httpMethod: POSTfrom: 0:0:0:0:0:0:0:1 (0:0:0:0:0:0:0:1) , Ajax: false, controller: auth, action: login, params: [action:login, controller:auth], browser: null, output: {"success":false,"message":"Error parsing JSON"}, controller total time: 11ms, user: , request action: '/api/v1/login//api/v1/login', from: 0:0:0:0:0:0:0:1/0:0:0:0:0:0:0:1 , Ajax: false, controller: auth, action: login, params: [action:login, controller:auth], browser: PostmanRuntime/7.26.10
